0 info it worked if it ends with ok
1 verbose cli [ 'node', '/Users/dbashford/.nvm/v0.10.12/bin/npm', 'publish' ]
2 info using npm@1.3.9
3 info using node@v0.10.12
4 verbose publish [ '.' ]
5 verbose cache add [ '.', null ]
6 verbose cache add name=undefined spec="." args=[".",null]
7 verbose parsed url { protocol: null,
7 verbose parsed url   slashes: null,
7 verbose parsed url   auth: null,
7 verbose parsed url   host: null,
7 verbose parsed url   port: null,
7 verbose parsed url   hostname: null,
7 verbose parsed url   hash: null,
7 verbose parsed url   search: null,
7 verbose parsed url   query: null,
7 verbose parsed url   pathname: '.',
7 verbose parsed url   path: '.',
7 verbose parsed url   href: '.' }
8 silly lockFile 3a52ce78- .
9 verbose lock . /Users/dbashford/.npm/3a52ce78-.lock
10 verbose tar pack [ '/var/folders/4p/b9x__l815yz5c2n9kvm3wmkm0000gn/T/npm-24402-x3Qw2Bvq/1392467308973-0.7993552207481116/tmp.tgz',
10 verbose tar pack   '.' ]
11 verbose tarball /var/folders/4p/b9x__l815yz5c2n9kvm3wmkm0000gn/T/npm-24402-x3Qw2Bvq/1392467308973-0.7993552207481116/tmp.tgz
12 verbose folder .
13 silly lockFile 1f1177db-tar tar://.
14 verbose lock tar://. /Users/dbashford/.npm/1f1177db-tar.lock
15 silly lockFile b519916c-08973-0-7993552207481116-tmp-tgz tar:///var/folders/4p/b9x__l815yz5c2n9kvm3wmkm0000gn/T/npm-24402-x3Qw2Bvq/1392467308973-0.7993552207481116/tmp.tgz
16 verbose lock tar:///var/folders/4p/b9x__l815yz5c2n9kvm3wmkm0000gn/T/npm-24402-x3Qw2Bvq/1392467308973-0.7993552207481116/tmp.tgz /Users/dbashford/.npm/b519916c-08973-0-7993552207481116-tmp-tgz.lock
17 silly lockFile 1f1177db-tar tar://.
18 silly lockFile 1f1177db-tar tar://.
19 silly lockFile b519916c-08973-0-7993552207481116-tmp-tgz tar:///var/folders/4p/b9x__l815yz5c2n9kvm3wmkm0000gn/T/npm-24402-x3Qw2Bvq/1392467308973-0.7993552207481116/tmp.tgz
20 silly lockFile b519916c-08973-0-7993552207481116-tmp-tgz tar:///var/folders/4p/b9x__l815yz5c2n9kvm3wmkm0000gn/T/npm-24402-x3Qw2Bvq/1392467308973-0.7993552207481116/tmp.tgz
21 verbose tar unpack /var/folders/4p/b9x__l815yz5c2n9kvm3wmkm0000gn/T/npm-24402-x3Qw2Bvq/1392467308973-0.7993552207481116/tmp.tgz
22 silly lockFile b9e063ca-08973-0-7993552207481116-package tar:///var/folders/4p/b9x__l815yz5c2n9kvm3wmkm0000gn/T/npm-24402-x3Qw2Bvq/1392467308973-0.7993552207481116/package
23 verbose lock tar:///var/folders/4p/b9x__l815yz5c2n9kvm3wmkm0000gn/T/npm-24402-x3Qw2Bvq/1392467308973-0.7993552207481116/package /Users/dbashford/.npm/b9e063ca-08973-0-7993552207481116-package.lock
24 silly lockFile b519916c-08973-0-7993552207481116-tmp-tgz tar:///var/folders/4p/b9x__l815yz5c2n9kvm3wmkm0000gn/T/npm-24402-x3Qw2Bvq/1392467308973-0.7993552207481116/tmp.tgz
25 verbose lock tar:///var/folders/4p/b9x__l815yz5c2n9kvm3wmkm0000gn/T/npm-24402-x3Qw2Bvq/1392467308973-0.7993552207481116/tmp.tgz /Users/dbashford/.npm/b519916c-08973-0-7993552207481116-tmp-tgz.lock
26 silly gunzTarPerm modes [ '755', '644' ]
27 silly gunzTarPerm extractEntry package.json
28 silly gunzTarPerm extractEntry .npmignore
29 silly gunzTarPerm extractEntry README.md
30 silly gunzTarPerm extractEntry build.js
31 silly gunzTarPerm extractEntry bin/_mimosa
32 silly gunzTarPerm extractEntry bin/mimosa
33 silly gunzTarPerm extractEntry src/index.js
34 silly gunzTarPerm extractEntry src/command/build.coffee
35 silly gunzTarPerm extractEntry src/command/clean.coffee
36 silly gunzTarPerm extractEntry src/command/config.coffee
37 silly gunzTarPerm extractEntry src/command/external.coffee
38 silly gunzTarPerm extractEntry src/command/module/config.coffee
39 silly gunzTarPerm extractEntry src/command/module/install.coffee
40 silly gunzTarPerm extractEntry src/command/module/list.coffee
41 silly gunzTarPerm extractEntry src/command/module/uninstall.coffee
42 silly gunzTarPerm extractEntry src/command/new.coffee
43 silly gunzTarPerm extractEntry src/command/setup.json
44 silly gunzTarPerm extractEntry src/command/watch.coffee
45 silly gunzTarPerm extractEntry src/modules/compilers/copy.coffee
46 silly gunzTarPerm extractEntry src/modules/compilers/css.coffee
47 silly gunzTarPerm extractEntry src/modules/compilers/index.coffee
48 silly gunzTarPerm extractEntry src/modules/compilers/javascript.coffee
49 silly gunzTarPerm extractEntry src/modules/compilers/template.coffee
50 silly gunzTarPerm extractEntry src/modules/file/beforeRead.coffee
51 silly gunzTarPerm extractEntry src/modules/file/clean.coffee
52 silly gunzTarPerm extractEntry src/modules/file/delete.coffee
53 silly gunzTarPerm extractEntry src/modules/file/index.coffee
54 silly gunzTarPerm extractEntry src/modules/file/init.coffee
55 silly gunzTarPerm extractEntry src/modules/file/read.coffee
56 silly gunzTarPerm extractEntry src/modules/file/write.coffee
57 silly gunzTarPerm extractEntry src/modules/index.coffee
58 silly gunzTarPerm extractEntry src/util/cleaner.coffee
59 silly gunzTarPerm extractEntry src/util/config-builder.coffee
60 silly gunzTarPerm extractEntry src/util/configurer.coffee
61 silly gunzTarPerm extractEntry src/util/file.coffee
62 silly gunzTarPerm extractEntry src/util/validators.coffee
63 silly gunzTarPerm extractEntry src/util/watcher.coffee
64 silly gunzTarPerm extractEntry src/util/workflow.coffee
65 silly gunzTarPerm extractEntry .travis.yml
66 silly gunzTarPerm extractEntry mimosa-config.coffee
67 silly gunzTarPerm extractEntry skeleton/package.json
68 silly gunzTarPerm extractEntry skeleton/.ignore
69 silly gunzTarPerm extractEntry skeleton/assets/javascripts/main.js
70 silly gunzTarPerm extractEntry skeleton/assets/javascripts/app/example-view-tpl.js
71 silly gunzTarPerm extractEntry skeleton/assets/javascripts/app/example-view-ejs.js
72 silly gunzTarPerm extractEntry skeleton/assets/javascripts/app/example-view-emblem.js
73 silly gunzTarPerm extractEntry skeleton/assets/javascripts/app/example-view-hbs.js
74 silly gunzTarPerm extractEntry skeleton/assets/javascripts/app/example-view-eco.js
75 silly gunzTarPerm extractEntry skeleton/assets/javascripts/app/example-view-html.js
76 silly gunzTarPerm extractEntry skeleton/assets/javascripts/app/example-view-jade.js
77 silly gunzTarPerm extractEntry skeleton/assets/javascripts/app/example-view-rtv.js
78 silly gunzTarPerm extractEntry skeleton/assets/javascripts/app/example-view-template.js
79 silly gunzTarPerm extractEntry skeleton/assets/javascripts/app/example-view-tmpl.js
80 silly gunzTarPerm extractEntry skeleton/assets/javascripts/app/example-view-dust.js
81 silly gunzTarPerm extractEntry skeleton/assets/javascripts/app/example-view-hogan.js
82 silly gunzTarPerm extractEntry skeleton/assets/javascripts/app/example-view-html.co
83 silly gunzTarPerm extractEntry skeleton/assets/javascripts/app/example-view-ejs.coffee
84 silly gunzTarPerm extractEntry skeleton/assets/javascripts/app/example-view-ejs.iced
85 silly gunzTarPerm extractEntry skeleton/assets/javascripts/app/example-view-dust.co
86 silly gunzTarPerm extractEntry skeleton/assets/javascripts/app/example-view-ejs.ls
87 silly gunzTarPerm extractEntry skeleton/assets/javascripts/app/example-view-ejs.ts
88 silly gunzTarPerm extractEntry skeleton/assets/javascripts/app/example-view-emblem.co
89 silly gunzTarPerm extractEntry skeleton/assets/javascripts/app/example-view-emblem.coffee
90 silly gunzTarPerm extractEntry skeleton/assets/javascripts/app/example-view-emblem.iced
91 silly gunzTarPerm extractEntry skeleton/assets/javascripts/app/example-view-dust.ls
92 silly gunzTarPerm extractEntry skeleton/assets/javascripts/app/example-view-emblem.ls
93 silly gunzTarPerm extractEntry skeleton/assets/javascripts/app/example-view-emblem.ts
94 silly gunzTarPerm extractEntry skeleton/assets/javascripts/app/example-view-hbs.co
95 silly gunzTarPerm extractEntry skeleton/assets/javascripts/app/example-view-hbs.coffee
96 silly gunzTarPerm extractEntry skeleton/assets/javascripts/app/example-view-hbs.iced
97 silly gunzTarPerm extractEntry skeleton/assets/javascripts/app/example-view-dust.ts
98 silly gunzTarPerm extractEntry skeleton/assets/javascripts/app/example-view-hbs.ls
99 silly gunzTarPerm extractEntry skeleton/assets/javascripts/app/example-view-hbs.ts
100 silly gunzTarPerm extractEntry skeleton/assets/javascripts/app/example-view-hogan.co
101 silly gunzTarPerm extractEntry skeleton/assets/javascripts/app/example-view-hogan.coffee
102 silly gunzTarPerm extractEntry skeleton/assets/javascripts/app/example-view-hogan.iced
103 silly gunzTarPerm extractEntry skeleton/assets/javascripts/app/example-view-eco.co
104 silly gunzTarPerm extractEntry skeleton/assets/javascripts/app/example-view-hogan.ls
105 silly gunzTarPerm extractEntry skeleton/assets/javascripts/app/example-view-hogan.ts
106 silly gunzTarPerm extractEntry skeleton/assets/javascripts/app/example-view-dust.coffee
107 silly gunzTarPerm extractEntry skeleton/assets/javascripts/app/example-view-html.coffee
108 silly gunzTarPerm extractEntry skeleton/assets/javascripts/app/example-view-html.iced
109 silly gunzTarPerm extractEntry skeleton/assets/javascripts/app/example-view-eco.coffee
110 silly gunzTarPerm extractEntry skeleton/assets/javascripts/app/example-view-html.ls
111 silly gunzTarPerm extractEntry skeleton/assets/javascripts/app/example-view-html.ts
112 silly gunzTarPerm extractEntry skeleton/assets/javascripts/app/example-view-jade.co
113 silly gunzTarPerm extractEntry skeleton/assets/javascripts/app/example-view-jade.coffee
114 silly gunzTarPerm extractEntry skeleton/assets/javascripts/app/example-view-jade.iced
115 silly gunzTarPerm extractEntry skeleton/assets/javascripts/app/example-view-eco.iced
116 silly gunzTarPerm extractEntry skeleton/assets/javascripts/app/example-view-jade.ls
117 silly gunzTarPerm extractEntry skeleton/assets/javascripts/app/example-view-jade.ts
118 silly gunzTarPerm extractEntry skeleton/assets/javascripts/app/example-view-rtv.co
119 silly gunzTarPerm extractEntry skeleton/assets/javascripts/app/example-view-rtv.coffee
120 silly gunzTarPerm extractEntry skeleton/assets/javascripts/app/example-view-rtv.iced
121 silly gunzTarPerm extractEntry skeleton/assets/javascripts/app/example-view-dust.iced
122 silly gunzTarPerm extractEntry skeleton/assets/javascripts/app/example-view-rtv.ls
123 silly gunzTarPerm extractEntry skeleton/assets/javascripts/app/example-view-rtv.ts
124 silly gunzTarPerm extractEntry skeleton/assets/javascripts/app/example-view-template.co
125 silly gunzTarPerm extractEntry skeleton/assets/javascripts/app/example-view-template.coffee
126 silly gunzTarPerm extractEntry skeleton/assets/javascripts/app/example-view-template.iced
127 silly gunzTarPerm extractEntry skeleton/assets/javascripts/app/example-view-eco.ls
128 silly gunzTarPerm extractEntry skeleton/assets/javascripts/app/example-view-template.ls
129 silly gunzTarPerm extractEntry skeleton/assets/javascripts/app/example-view-template.ts
130 silly gunzTarPerm extractEntry skeleton/assets/javascripts/app/example-view-tmpl.co
131 silly gunzTarPerm extractEntry skeleton/assets/javascripts/app/example-view-tmpl.coffee
132 silly gunzTarPerm extractEntry skeleton/assets/javascripts/app/example-view-tmpl.iced
133 silly gunzTarPerm extractEntry skeleton/assets/javascripts/app/example-view-eco.ts
134 silly gunzTarPerm extractEntry skeleton/assets/javascripts/app/example-view-tmpl.ls
135 silly gunzTarPerm extractEntry skeleton/assets/javascripts/app/example-view-tmpl.ts
136 silly gunzTarPerm extractEntry skeleton/assets/javascripts/app/example-view-tpl.co
137 silly gunzTarPerm extractEntry skeleton/assets/javascripts/app/example-view-tpl.coffee
138 silly gunzTarPerm extractEntry skeleton/assets/javascripts/app/example-view-tpl.iced
139 silly gunzTarPerm extractEntry skeleton/assets/javascripts/app/example-view-ejs.co
140 silly gunzTarPerm extractEntry skeleton/assets/javascripts/app/example-view-tpl.ls
141 silly gunzTarPerm extractEntry skeleton/assets/javascripts/app/example-view-tpl.ts
142 silly gunzTarPerm extractEntry skeleton/assets/javascripts/app/template/handlebars-helpers.js
143 silly gunzTarPerm extractEntry skeleton/assets/javascripts/app/template/example.emblem
144 silly gunzTarPerm extractEntry skeleton/assets/javascripts/app/template/another-example.ejs
145 silly gunzTarPerm extractEntry skeleton/assets/javascripts/app/template/another-example.emblem
146 silly gunzTarPerm extractEntry skeleton/assets/javascripts/app/template/another-example.hbs
147 silly gunzTarPerm extractEntry skeleton/assets/javascripts/app/template/another-example.hogan
148 silly gunzTarPerm extractEntry skeleton/assets/javascripts/app/template/another-example.jade
149 silly gunzTarPerm extractEntry skeleton/assets/javascripts/app/template/another-example.rtv
150 silly gunzTarPerm extractEntry skeleton/assets/javascripts/app/template/another-example.template
151 silly gunzTarPerm extractEntry skeleton/assets/javascripts/app/template/another-example.tmpl
152 silly gunzTarPerm extractEntry skeleton/assets/javascripts/app/template/another-example.tpl
153 silly gunzTarPerm extractEntry skeleton/assets/javascripts/app/template/example-partial.ejs
154 silly gunzTarPerm extractEntry skeleton/assets/javascripts/app/template/example-partial.hogan
155 silly gunzTarPerm extractEntry skeleton/assets/javascripts/app/template/example-partial.jade
156 silly gunzTarPerm extractEntry skeleton/assets/javascripts/app/template/example.dust
157 silly gunzTarPerm extractEntry skeleton/assets/javascripts/app/template/example.eco
158 silly gunzTarPerm extractEntry skeleton/assets/javascripts/app/template/example.ejs
159 silly gunzTarPerm extractEntry skeleton/assets/javascripts/app/template/another-example.eco
160 silly gunzTarPerm extractEntry skeleton/assets/javascripts/app/template/example.hbs
161 silly gunzTarPerm extractEntry skeleton/assets/javascripts/app/template/example.hogan
162 silly gunzTarPerm extractEntry skeleton/assets/javascripts/app/template/example.jade
163 silly gunzTarPerm extractEntry skeleton/assets/javascripts/app/template/example.rtv
164 silly gunzTarPerm extractEntry skeleton/assets/javascripts/app/template/example.template
165 silly gunzTarPerm extractEntry skeleton/assets/javascripts/app/template/example.tmpl
166 silly gunzTarPerm extractEntry skeleton/assets/javascripts/app/template/example.tpl
167 silly gunzTarPerm extractEntry skeleton/assets/javascripts/app/template/example_partial.dust
168 silly gunzTarPerm extractEntry skeleton/assets/javascripts/app/template/example_partial.emblem
169 silly gunzTarPerm extractEntry skeleton/assets/javascripts/app/template/example_partial.hbs
170 silly gunzTarPerm extractEntry skeleton/assets/javascripts/app/template/example_partial.rtv
171 silly gunzTarPerm extractEntry skeleton/assets/javascripts/app/template/handlebars-helpers.co
172 silly gunzTarPerm extractEntry skeleton/assets/javascripts/app/template/handlebars-helpers.coffee
173 silly gunzTarPerm extractEntry skeleton/assets/javascripts/app/template/handlebars-helpers.iced
174 silly gunzTarPerm extractEntry skeleton/assets/javascripts/app/template/another-example.dust
175 silly gunzTarPerm extractEntry skeleton/assets/javascripts/app/template/handlebars-helpers.ls
176 silly gunzTarPerm extractEntry skeleton/assets/javascripts/app/template/handlebars-helpers.ts
177 silly gunzTarPerm extractEntry skeleton/assets/javascripts/main.co
178 silly gunzTarPerm extractEntry skeleton/assets/javascripts/main.coffee
179 silly gunzTarPerm extractEntry skeleton/assets/javascripts/main.iced
180 silly gunzTarPerm extractEntry skeleton/assets/javascripts/main.ls
181 silly gunzTarPerm extractEntry skeleton/assets/javascripts/main.ts
182 silly gunzTarPerm extractEntry skeleton/assets/javascripts/vendor/iced.js.iced
183 silly gunzTarPerm extractEntry skeleton/assets/javascripts/vendor/require.d.ts
184 silly gunzTarPerm extractEntry skeleton/assets/stylesheets/style.css
185 silly gunzTarPerm extractEntry skeleton/assets/stylesheets/style.less
186 silly gunzTarPerm extractEntry skeleton/assets/stylesheets/style.scss
187 silly gunzTarPerm extractEntry skeleton/assets/stylesheets/style.styl
188 silly gunzTarPerm extractEntry skeleton/bower.json
189 silly gunzTarPerm extractEntry skeleton/makefile
190 silly gunzTarPerm extractEntry skeleton/servers/express/server.js
191 silly gunzTarPerm extractEntry skeleton/servers/express/routes/index.js
192 silly gunzTarPerm extractEntry skeleton/servers/express/routes/index.co
193 silly gunzTarPerm extractEntry skeleton/servers/express/routes/index.coffee
194 silly gunzTarPerm extractEntry skeleton/servers/express/routes/index.iced
195 silly gunzTarPerm extractEntry skeleton/servers/express/routes/index.ls
196 silly gunzTarPerm extractEntry skeleton/servers/express/server.co
197 silly gunzTarPerm extractEntry skeleton/servers/express/server.coffee
198 silly gunzTarPerm extractEntry skeleton/servers/express/server.iced
199 silly gunzTarPerm extractEntry skeleton/servers/express/server.ls
200 silly gunzTarPerm extractEntry skeleton/view/.gitkeep
201 silly gunzTarPerm extractEntry skeleton/view/dust/views/index.dust
202 silly gunzTarPerm extractEntry skeleton/view/ejs/views/index.ejs
203 silly gunzTarPerm extractEntry skeleton/view/handlebars/views/index.hbs
204 silly gunzTarPerm extractEntry skeleton/view/hogan/views/index.hjs
205 silly gunzTarPerm extractEntry skeleton/view/html/views/index-optimize.html
206 silly gunzTarPerm extractEntry skeleton/view/html/views/index.html
207 silly gunzTarPerm extractEntry skeleton/view/jade/views/index.jade
208 silly gunzTarPerm extractEntry skeleton/view/jade/views/layout.jade
209 silly gunzTarPerm extractEntry RELEASENOTES.md
210 silly gunzTarPerm extractEntry lib/index.js
211 silly gunzTarPerm extractEntry lib/command/build.js
212 silly gunzTarPerm extractEntry lib/command/clean.js
213 silly gunzTarPerm extractEntry lib/command/config.js
214 silly gunzTarPerm extractEntry lib/command/external.js
215 silly gunzTarPerm extractEntry lib/command/new.js
216 silly gunzTarPerm extractEntry lib/command/watch.js
217 silly gunzTarPerm extractEntry lib/command/module/config.js
218 silly gunzTarPerm extractEntry lib/command/module/install.js
219 silly gunzTarPerm extractEntry lib/command/module/list.js
220 silly gunzTarPerm extractEntry lib/command/module/uninstall.js
221 silly gunzTarPerm extractEntry lib/command/setup.json
222 silly gunzTarPerm extractEntry lib/modules/index.js
223 silly gunzTarPerm extractEntry lib/modules/compilers/copy.js
224 silly gunzTarPerm extractEntry lib/modules/compilers/css.js
225 silly gunzTarPerm extractEntry lib/modules/compilers/index.js
226 silly gunzTarPerm extractEntry lib/modules/compilers/javascript.js
227 silly gunzTarPerm extractEntry lib/modules/compilers/template.js
228 silly gunzTarPerm extractEntry lib/modules/file/beforeRead.js
229 silly gunzTarPerm extractEntry lib/modules/file/clean.js
230 silly gunzTarPerm extractEntry lib/modules/file/delete.js
231 silly gunzTarPerm extractEntry lib/modules/file/index.js
232 silly gunzTarPerm extractEntry lib/modules/file/init.js
233 silly gunzTarPerm extractEntry lib/modules/file/read.js
234 silly gunzTarPerm extractEntry lib/modules/file/write.js
235 silly gunzTarPerm extractEntry lib/util/cleaner.js
236 silly gunzTarPerm extractEntry lib/util/config-builder.js
237 silly gunzTarPerm extractEntry lib/util/configurer.js
238 silly gunzTarPerm extractEntry lib/util/file.js
239 silly gunzTarPerm extractEntry lib/util/validators.js
240 silly gunzTarPerm extractEntry lib/util/watcher.js
241 silly gunzTarPerm extractEntry lib/util/workflow.js
242 silly lockFile b9e063ca-08973-0-7993552207481116-package tar:///var/folders/4p/b9x__l815yz5c2n9kvm3wmkm0000gn/T/npm-24402-x3Qw2Bvq/1392467308973-0.7993552207481116/package
243 silly lockFile b9e063ca-08973-0-7993552207481116-package tar:///var/folders/4p/b9x__l815yz5c2n9kvm3wmkm0000gn/T/npm-24402-x3Qw2Bvq/1392467308973-0.7993552207481116/package
244 silly lockFile b519916c-08973-0-7993552207481116-tmp-tgz tar:///var/folders/4p/b9x__l815yz5c2n9kvm3wmkm0000gn/T/npm-24402-x3Qw2Bvq/1392467308973-0.7993552207481116/tmp.tgz
245 silly lockFile b519916c-08973-0-7993552207481116-tmp-tgz tar:///var/folders/4p/b9x__l815yz5c2n9kvm3wmkm0000gn/T/npm-24402-x3Qw2Bvq/1392467308973-0.7993552207481116/tmp.tgz
246 verbose tar pack [ '/Users/dbashford/.npm/mimosa/2.1.0/package.tgz',
246 verbose tar pack   '/var/folders/4p/b9x__l815yz5c2n9kvm3wmkm0000gn/T/npm-24402-x3Qw2Bvq/1392467308973-0.7993552207481116/package' ]
247 verbose tarball /Users/dbashford/.npm/mimosa/2.1.0/package.tgz
248 verbose folder /var/folders/4p/b9x__l815yz5c2n9kvm3wmkm0000gn/T/npm-24402-x3Qw2Bvq/1392467308973-0.7993552207481116/package
249 silly lockFile b9e063ca-08973-0-7993552207481116-package tar:///var/folders/4p/b9x__l815yz5c2n9kvm3wmkm0000gn/T/npm-24402-x3Qw2Bvq/1392467308973-0.7993552207481116/package
250 verbose lock tar:///var/folders/4p/b9x__l815yz5c2n9kvm3wmkm0000gn/T/npm-24402-x3Qw2Bvq/1392467308973-0.7993552207481116/package /Users/dbashford/.npm/b9e063ca-08973-0-7993552207481116-package.lock
251 silly lockFile 58be34df-ord-npm-mimosa-2-1-0-package-tgz tar:///Users/dbashford/.npm/mimosa/2.1.0/package.tgz
252 verbose lock tar:///Users/dbashford/.npm/mimosa/2.1.0/package.tgz /Users/dbashford/.npm/58be34df-ord-npm-mimosa-2-1-0-package-tgz.lock
253 silly lockFile b9e063ca-08973-0-7993552207481116-package tar:///var/folders/4p/b9x__l815yz5c2n9kvm3wmkm0000gn/T/npm-24402-x3Qw2Bvq/1392467308973-0.7993552207481116/package
254 silly lockFile b9e063ca-08973-0-7993552207481116-package tar:///var/folders/4p/b9x__l815yz5c2n9kvm3wmkm0000gn/T/npm-24402-x3Qw2Bvq/1392467308973-0.7993552207481116/package
255 silly lockFile 58be34df-ord-npm-mimosa-2-1-0-package-tgz tar:///Users/dbashford/.npm/mimosa/2.1.0/package.tgz
256 silly lockFile 58be34df-ord-npm-mimosa-2-1-0-package-tgz tar:///Users/dbashford/.npm/mimosa/2.1.0/package.tgz
257 silly lockFile e7a9c1e7-ashford-npm-mimosa-2-1-0-package /Users/dbashford/.npm/mimosa/2.1.0/package
258 verbose lock /Users/dbashford/.npm/mimosa/2.1.0/package /Users/dbashford/.npm/e7a9c1e7-ashford-npm-mimosa-2-1-0-package.lock
259 silly lockFile e7a9c1e7-ashford-npm-mimosa-2-1-0-package /Users/dbashford/.npm/mimosa/2.1.0/package
260 silly lockFile e7a9c1e7-ashford-npm-mimosa-2-1-0-package /Users/dbashford/.npm/mimosa/2.1.0/package
261 verbose tar unpack /Users/dbashford/.npm/mimosa/2.1.0/package.tgz
262 silly lockFile ca091520-ashford-npm-mimosa-2-1-0-package tar:///Users/dbashford/.npm/mimosa/2.1.0/package
263 verbose lock tar:///Users/dbashford/.npm/mimosa/2.1.0/package /Users/dbashford/.npm/ca091520-ashford-npm-mimosa-2-1-0-package.lock
264 silly lockFile 58be34df-ord-npm-mimosa-2-1-0-package-tgz tar:///Users/dbashford/.npm/mimosa/2.1.0/package.tgz
265 verbose lock tar:///Users/dbashford/.npm/mimosa/2.1.0/package.tgz /Users/dbashford/.npm/58be34df-ord-npm-mimosa-2-1-0-package-tgz.lock
266 silly gunzTarPerm modes [ '755', '644' ]
267 silly gunzTarPerm extractEntry package.json
268 silly gunzTarPerm extractEntry .npmignore
269 silly gunzTarPerm extractEntry README.md
270 silly gunzTarPerm extractEntry build.js
271 silly gunzTarPerm extractEntry bin/_mimosa
272 silly gunzTarPerm extractEntry bin/mimosa
273 silly gunzTarPerm extractEntry .travis.yml
274 silly gunzTarPerm extractEntry lib/index.js
275 silly gunzTarPerm extractEntry lib/command/build.js
276 silly gunzTarPerm extractEntry lib/command/clean.js
277 silly gunzTarPerm extractEntry lib/command/config.js
278 silly gunzTarPerm extractEntry lib/command/external.js
279 silly gunzTarPerm extractEntry lib/command/new.js
280 silly gunzTarPerm extractEntry lib/command/watch.js
281 silly gunzTarPerm extractEntry lib/command/module/config.js
282 silly gunzTarPerm extractEntry lib/command/module/install.js
283 silly gunzTarPerm extractEntry lib/command/module/list.js
284 silly gunzTarPerm extractEntry lib/command/module/uninstall.js
285 silly gunzTarPerm extractEntry lib/command/setup.json
286 silly gunzTarPerm extractEntry lib/modules/index.js
287 silly gunzTarPerm extractEntry lib/modules/compilers/copy.js
288 silly gunzTarPerm extractEntry lib/modules/compilers/css.js
289 silly gunzTarPerm extractEntry lib/modules/compilers/index.js
290 silly gunzTarPerm extractEntry lib/modules/compilers/javascript.js
291 silly gunzTarPerm extractEntry lib/modules/compilers/template.js
292 silly gunzTarPerm extractEntry lib/modules/file/beforeRead.js
293 silly gunzTarPerm extractEntry lib/modules/file/clean.js
294 silly gunzTarPerm extractEntry lib/modules/file/delete.js
295 silly gunzTarPerm extractEntry lib/modules/file/index.js
296 silly gunzTarPerm extractEntry lib/modules/file/init.js
297 silly gunzTarPerm extractEntry lib/modules/file/read.js
298 silly gunzTarPerm extractEntry lib/modules/file/write.js
299 silly gunzTarPerm extractEntry lib/util/cleaner.js
300 silly gunzTarPerm extractEntry lib/util/config-builder.js
301 silly gunzTarPerm extractEntry lib/util/configurer.js
302 silly gunzTarPerm extractEntry lib/util/file.js
303 silly gunzTarPerm extractEntry lib/util/validators.js
304 silly gunzTarPerm extractEntry lib/util/watcher.js
305 silly gunzTarPerm extractEntry lib/util/workflow.js
306 silly gunzTarPerm extractEntry mimosa-config.coffee
307 silly gunzTarPerm extractEntry RELEASENOTES.md
308 silly gunzTarPerm extractEntry skeleton/package.json
309 silly gunzTarPerm extractEntry skeleton/.ignore
310 silly gunzTarPerm extractEntry skeleton/assets/javascripts/main.js
311 silly gunzTarPerm extractEntry skeleton/assets/javascripts/app/example-view-tpl.js
312 silly gunzTarPerm extractEntry skeleton/assets/javascripts/app/example-view-ejs.js
313 silly gunzTarPerm extractEntry skeleton/assets/javascripts/app/example-view-emblem.js
314 silly gunzTarPerm extractEntry skeleton/assets/javascripts/app/example-view-hbs.js
315 silly gunzTarPerm extractEntry skeleton/assets/javascripts/app/example-view-eco.js
316 silly gunzTarPerm extractEntry skeleton/assets/javascripts/app/example-view-html.js
317 silly gunzTarPerm extractEntry skeleton/assets/javascripts/app/example-view-jade.js
318 silly gunzTarPerm extractEntry skeleton/assets/javascripts/app/example-view-rtv.js
319 silly gunzTarPerm extractEntry skeleton/assets/javascripts/app/example-view-template.js
320 silly gunzTarPerm extractEntry skeleton/assets/javascripts/app/example-view-tmpl.js
321 silly gunzTarPerm extractEntry skeleton/assets/javascripts/app/example-view-dust.js
322 silly gunzTarPerm extractEntry skeleton/assets/javascripts/app/example-view-hogan.js
323 silly gunzTarPerm extractEntry skeleton/assets/javascripts/app/example-view-html.co
324 silly gunzTarPerm extractEntry skeleton/assets/javascripts/app/example-view-ejs.coffee
325 silly gunzTarPerm extractEntry skeleton/assets/javascripts/app/example-view-ejs.iced
326 silly gunzTarPerm extractEntry skeleton/assets/javascripts/app/example-view-dust.co
327 silly gunzTarPerm extractEntry skeleton/assets/javascripts/app/example-view-ejs.ls
328 silly gunzTarPerm extractEntry skeleton/assets/javascripts/app/example-view-ejs.ts
329 silly gunzTarPerm extractEntry skeleton/assets/javascripts/app/example-view-emblem.co
330 silly gunzTarPerm extractEntry skeleton/assets/javascripts/app/example-view-emblem.coffee
331 silly gunzTarPerm extractEntry skeleton/assets/javascripts/app/example-view-emblem.iced
332 silly gunzTarPerm extractEntry skeleton/assets/javascripts/app/example-view-dust.ls
333 silly gunzTarPerm extractEntry skeleton/assets/javascripts/app/example-view-emblem.ls
334 silly gunzTarPerm extractEntry skeleton/assets/javascripts/app/example-view-emblem.ts
335 silly gunzTarPerm extractEntry skeleton/assets/javascripts/app/example-view-hbs.co
336 silly gunzTarPerm extractEntry skeleton/assets/javascripts/app/example-view-hbs.coffee
337 silly gunzTarPerm extractEntry skeleton/assets/javascripts/app/example-view-hbs.iced
338 silly gunzTarPerm extractEntry skeleton/assets/javascripts/app/example-view-dust.ts
339 silly gunzTarPerm extractEntry skeleton/assets/javascripts/app/example-view-hbs.ls
340 silly gunzTarPerm extractEntry skeleton/assets/javascripts/app/example-view-hbs.ts
341 silly gunzTarPerm extractEntry skeleton/assets/javascripts/app/example-view-hogan.co
342 silly gunzTarPerm extractEntry skeleton/assets/javascripts/app/example-view-hogan.coffee
343 silly gunzTarPerm extractEntry skeleton/assets/javascripts/app/example-view-hogan.iced
344 silly gunzTarPerm extractEntry skeleton/assets/javascripts/app/example-view-eco.co
345 silly gunzTarPerm extractEntry skeleton/assets/javascripts/app/example-view-hogan.ls
346 silly gunzTarPerm extractEntry skeleton/assets/javascripts/app/example-view-hogan.ts
347 silly gunzTarPerm extractEntry skeleton/assets/javascripts/app/example-view-dust.coffee
348 silly gunzTarPerm extractEntry skeleton/assets/javascripts/app/example-view-html.coffee
349 silly gunzTarPerm extractEntry skeleton/assets/javascripts/app/example-view-html.iced
350 silly gunzTarPerm extractEntry skeleton/assets/javascripts/app/example-view-eco.coffee
351 silly gunzTarPerm extractEntry skeleton/assets/javascripts/app/example-view-html.ls
352 silly gunzTarPerm extractEntry skeleton/assets/javascripts/app/example-view-html.ts
353 silly gunzTarPerm extractEntry skeleton/assets/javascripts/app/example-view-jade.co
354 silly gunzTarPerm extractEntry skeleton/assets/javascripts/app/example-view-jade.coffee
355 silly gunzTarPerm extractEntry skeleton/assets/javascripts/app/example-view-jade.iced
356 silly gunzTarPerm extractEntry skeleton/assets/javascripts/app/example-view-eco.iced
357 silly gunzTarPerm extractEntry skeleton/assets/javascripts/app/example-view-jade.ls
358 silly gunzTarPerm extractEntry skeleton/assets/javascripts/app/example-view-jade.ts
359 silly gunzTarPerm extractEntry skeleton/assets/javascripts/app/example-view-rtv.co
360 silly gunzTarPerm extractEntry skeleton/assets/javascripts/app/example-view-rtv.coffee
361 silly gunzTarPerm extractEntry skeleton/assets/javascripts/app/example-view-rtv.iced
362 silly gunzTarPerm extractEntry skeleton/assets/javascripts/app/example-view-dust.iced
363 silly gunzTarPerm extractEntry skeleton/assets/javascripts/app/example-view-rtv.ls
364 silly gunzTarPerm extractEntry skeleton/assets/javascripts/app/example-view-rtv.ts
365 silly gunzTarPerm extractEntry skeleton/assets/javascripts/app/example-view-template.co
366 silly gunzTarPerm extractEntry skeleton/assets/javascripts/app/example-view-template.coffee
367 silly gunzTarPerm extractEntry skeleton/assets/javascripts/app/example-view-template.iced
368 silly gunzTarPerm extractEntry skeleton/assets/javascripts/app/example-view-eco.ls
369 silly gunzTarPerm extractEntry skeleton/assets/javascripts/app/example-view-template.ls
370 silly gunzTarPerm extractEntry skeleton/assets/javascripts/app/example-view-template.ts
371 silly gunzTarPerm extractEntry skeleton/assets/javascripts/app/example-view-tmpl.co
372 silly gunzTarPerm extractEntry skeleton/assets/javascripts/app/example-view-tmpl.coffee
373 silly gunzTarPerm extractEntry skeleton/assets/javascripts/app/example-view-tmpl.iced
374 silly gunzTarPerm extractEntry skeleton/assets/javascripts/app/example-view-eco.ts
375 silly gunzTarPerm extractEntry skeleton/assets/javascripts/app/example-view-tmpl.ls
376 silly gunzTarPerm extractEntry skeleton/assets/javascripts/app/example-view-tmpl.ts
377 silly gunzTarPerm extractEntry skeleton/assets/javascripts/app/example-view-tpl.co
378 silly gunzTarPerm extractEntry skeleton/assets/javascripts/app/example-view-tpl.coffee
379 silly gunzTarPerm extractEntry skeleton/assets/javascripts/app/example-view-tpl.iced
380 silly gunzTarPerm extractEntry skeleton/assets/javascripts/app/example-view-ejs.co
381 silly gunzTarPerm extractEntry skeleton/assets/javascripts/app/example-view-tpl.ls
382 silly gunzTarPerm extractEntry skeleton/assets/javascripts/app/example-view-tpl.ts
383 silly gunzTarPerm extractEntry skeleton/assets/javascripts/app/template/handlebars-helpers.js
384 silly gunzTarPerm extractEntry skeleton/assets/javascripts/app/template/example.emblem
385 silly gunzTarPerm extractEntry skeleton/assets/javascripts/app/template/another-example.ejs
386 silly gunzTarPerm extractEntry skeleton/assets/javascripts/app/template/another-example.emblem
387 silly gunzTarPerm extractEntry skeleton/assets/javascripts/app/template/another-example.hbs
388 silly gunzTarPerm extractEntry skeleton/assets/javascripts/app/template/another-example.hogan
389 silly gunzTarPerm extractEntry skeleton/assets/javascripts/app/template/another-example.jade
390 silly gunzTarPerm extractEntry skeleton/assets/javascripts/app/template/another-example.rtv
391 silly gunzTarPerm extractEntry skeleton/assets/javascripts/app/template/another-example.template
392 silly gunzTarPerm extractEntry skeleton/assets/javascripts/app/template/another-example.tmpl
393 silly gunzTarPerm extractEntry skeleton/assets/javascripts/app/template/another-example.tpl
394 silly gunzTarPerm extractEntry skeleton/assets/javascripts/app/template/example-partial.ejs
395 silly gunzTarPerm extractEntry skeleton/assets/javascripts/app/template/example-partial.hogan
396 silly gunzTarPerm extractEntry skeleton/assets/javascripts/app/template/example-partial.jade
397 silly gunzTarPerm extractEntry skeleton/assets/javascripts/app/template/example.dust
398 silly gunzTarPerm extractEntry skeleton/assets/javascripts/app/template/example.eco
399 silly gunzTarPerm extractEntry skeleton/assets/javascripts/app/template/example.ejs
400 silly gunzTarPerm extractEntry skeleton/assets/javascripts/app/template/another-example.eco
401 silly gunzTarPerm extractEntry skeleton/assets/javascripts/app/template/example.hbs
402 silly gunzTarPerm extractEntry skeleton/assets/javascripts/app/template/example.hogan
403 silly gunzTarPerm extractEntry skeleton/assets/javascripts/app/template/example.jade
404 silly gunzTarPerm extractEntry skeleton/assets/javascripts/app/template/example.rtv
405 silly gunzTarPerm extractEntry skeleton/assets/javascripts/app/template/example.template
406 silly gunzTarPerm extractEntry skeleton/assets/javascripts/app/template/example.tmpl
407 silly gunzTarPerm extractEntry skeleton/assets/javascripts/app/template/example.tpl
408 silly gunzTarPerm extractEntry skeleton/assets/javascripts/app/template/example_partial.dust
409 silly gunzTarPerm extractEntry skeleton/assets/javascripts/app/template/example_partial.emblem
410 silly gunzTarPerm extractEntry skeleton/assets/javascripts/app/template/example_partial.hbs
411 silly gunzTarPerm extractEntry skeleton/assets/javascripts/app/template/example_partial.rtv
412 silly gunzTarPerm extractEntry skeleton/assets/javascripts/app/template/handlebars-helpers.co
413 silly gunzTarPerm extractEntry skeleton/assets/javascripts/app/template/handlebars-helpers.coffee
414 silly gunzTarPerm extractEntry skeleton/assets/javascripts/app/template/handlebars-helpers.iced
415 silly gunzTarPerm extractEntry skeleton/assets/javascripts/app/template/another-example.dust
416 silly gunzTarPerm extractEntry skeleton/assets/javascripts/app/template/handlebars-helpers.ls
417 silly gunzTarPerm extractEntry skeleton/assets/javascripts/app/template/handlebars-helpers.ts
418 silly gunzTarPerm extractEntry skeleton/assets/javascripts/main.co
419 silly gunzTarPerm extractEntry skeleton/assets/javascripts/main.coffee
420 silly gunzTarPerm extractEntry skeleton/assets/javascripts/main.iced
421 silly gunzTarPerm extractEntry skeleton/assets/javascripts/main.ls
422 silly gunzTarPerm extractEntry skeleton/assets/javascripts/main.ts
423 silly gunzTarPerm extractEntry skeleton/assets/javascripts/vendor/iced.js.iced
424 silly gunzTarPerm extractEntry skeleton/assets/javascripts/vendor/require.d.ts
425 silly gunzTarPerm extractEntry skeleton/assets/stylesheets/style.css
426 silly gunzTarPerm extractEntry skeleton/assets/stylesheets/style.less
427 silly gunzTarPerm extractEntry skeleton/assets/stylesheets/style.scss
428 silly gunzTarPerm extractEntry skeleton/assets/stylesheets/style.styl
429 silly gunzTarPerm extractEntry skeleton/bower.json
430 silly gunzTarPerm extractEntry skeleton/makefile
431 silly gunzTarPerm extractEntry skeleton/servers/express/server.js
432 silly gunzTarPerm extractEntry skeleton/servers/express/routes/index.js
433 silly gunzTarPerm extractEntry skeleton/servers/express/routes/index.co
434 silly gunzTarPerm extractEntry skeleton/servers/express/routes/index.coffee
435 silly gunzTarPerm extractEntry skeleton/servers/express/routes/index.iced
436 silly gunzTarPerm extractEntry skeleton/servers/express/routes/index.ls
437 silly gunzTarPerm extractEntry skeleton/servers/express/server.co
438 silly gunzTarPerm extractEntry skeleton/servers/express/server.coffee
439 silly gunzTarPerm extractEntry skeleton/servers/express/server.iced
440 silly gunzTarPerm extractEntry skeleton/servers/express/server.ls
441 silly gunzTarPerm extractEntry skeleton/view/.gitkeep
442 silly gunzTarPerm extractEntry skeleton/view/dust/views/index.dust
443 silly gunzTarPerm extractEntry skeleton/view/ejs/views/index.ejs
444 silly gunzTarPerm extractEntry skeleton/view/handlebars/views/index.hbs
445 silly gunzTarPerm extractEntry skeleton/view/hogan/views/index.hjs
446 silly gunzTarPerm extractEntry skeleton/view/html/views/index-optimize.html
447 silly gunzTarPerm extractEntry skeleton/view/html/views/index.html
448 silly gunzTarPerm extractEntry skeleton/view/jade/views/index.jade
449 silly gunzTarPerm extractEntry skeleton/view/jade/views/layout.jade
450 silly gunzTarPerm extractEntry src/index.js
451 silly gunzTarPerm extractEntry src/command/build.coffee
452 silly gunzTarPerm extractEntry src/command/clean.coffee
453 silly gunzTarPerm extractEntry src/command/config.coffee
454 silly gunzTarPerm extractEntry src/command/external.coffee
455 silly gunzTarPerm extractEntry src/command/module/config.coffee
456 silly gunzTarPerm extractEntry src/command/module/install.coffee
457 silly gunzTarPerm extractEntry src/command/module/list.coffee
458 silly gunzTarPerm extractEntry src/command/module/uninstall.coffee
459 silly gunzTarPerm extractEntry src/command/new.coffee
460 silly gunzTarPerm extractEntry src/command/setup.json
461 silly gunzTarPerm extractEntry src/command/watch.coffee
462 silly gunzTarPerm extractEntry src/modules/compilers/copy.coffee
463 silly gunzTarPerm extractEntry src/modules/compilers/css.coffee
464 silly gunzTarPerm extractEntry src/modules/compilers/index.coffee
465 silly gunzTarPerm extractEntry src/modules/compilers/javascript.coffee
466 silly gunzTarPerm extractEntry src/modules/compilers/template.coffee
467 silly gunzTarPerm extractEntry src/modules/file/beforeRead.coffee
468 silly gunzTarPerm extractEntry src/modules/file/clean.coffee
469 silly gunzTarPerm extractEntry src/modules/file/delete.coffee
470 silly gunzTarPerm extractEntry src/modules/file/index.coffee
471 silly gunzTarPerm extractEntry src/modules/file/init.coffee
472 silly gunzTarPerm extractEntry src/modules/file/read.coffee
473 silly gunzTarPerm extractEntry src/modules/file/write.coffee
474 silly gunzTarPerm extractEntry src/modules/index.coffee
475 silly gunzTarPerm extractEntry src/util/cleaner.coffee
476 silly gunzTarPerm extractEntry src/util/config-builder.coffee
477 silly gunzTarPerm extractEntry src/util/configurer.coffee
478 silly gunzTarPerm extractEntry src/util/file.coffee
479 silly gunzTarPerm extractEntry src/util/validators.coffee
480 silly gunzTarPerm extractEntry src/util/watcher.coffee
481 silly gunzTarPerm extractEntry src/util/workflow.coffee
482 silly lockFile ca091520-ashford-npm-mimosa-2-1-0-package tar:///Users/dbashford/.npm/mimosa/2.1.0/package
483 silly lockFile ca091520-ashford-npm-mimosa-2-1-0-package tar:///Users/dbashford/.npm/mimosa/2.1.0/package
484 silly lockFile 58be34df-ord-npm-mimosa-2-1-0-package-tgz tar:///Users/dbashford/.npm/mimosa/2.1.0/package.tgz
485 silly lockFile 58be34df-ord-npm-mimosa-2-1-0-package-tgz tar:///Users/dbashford/.npm/mimosa/2.1.0/package.tgz
486 verbose chmod /Users/dbashford/.npm/mimosa/2.1.0/package.tgz 644
487 verbose chown /Users/dbashford/.npm/mimosa/2.1.0/package.tgz [ 501, 20 ]
488 silly lockFile 3a52ce78- .
489 silly lockFile 3a52ce78- .
490 silly publish { name: 'mimosa',
490 silly publish   preferGlobal: 'true',
490 silly publish   version: '2.1.0',
490 silly publish   homepage: 'http://www.mimosa.io',
490 silly publish   author: { name: 'David Bashford' },
490 silly publish   description: 'A lighting-fast, modular, next generation browser development tool.',
490 silly publish   contributors: [ { name: 'David Bashford', email: 'dbashford@hotmail.com' } ],
490 silly publish   bin: { mimosa: './bin/_mimosa' },
490 silly publish   main: './lib/index',
490 silly publish   repository: { type: 'git', url: 'https://github.com/dbashford/mimosa' },
490 silly publish   keywords:
490 silly publish    [ 'framework',
490 silly publish      'boilerplate',
490 silly publish      'toolkit',
490 silly publish      'compiler',
490 silly publish      'coffeescript',
490 silly publish      'livescript',
490 silly publish      'typescript',
490 silly publish      'sass',
490 silly publish      'less',
490 silly publish      'stylus',
490 silly publish      'dust',
490 silly publish      'handlebars',
490 silly publish      'ember',
490 silly publish      'emblem',
490 silly publish      'jade',
490 silly publish      'underscore',
490 silly publish      'lodash',
490 silly publish      'hogan',
490 silly publish      'ractive',
490 silly publish      'amd',
490 silly publish      'require',
490 silly publish      'requirejs',
490 silly publish      'mimosa',
490 silly publish      'mmodule',
490 silly publish      'lint',
490 silly publish      'hint',
490 silly publish      'brunch',
490 silly publish      'grunt',
490 silly publish      'yeoman',
490 silly publish      'server',
490 silly publish      'express',
490 silly publish      'source',
490 silly publish      'maps',
490 silly publish      'node-sass',
490 silly publish      'bower' ],
490 silly publish   dependencies:
490 silly publish    { lodash: '1.3.1',
490 silly publish      'coffee-script': '1.7.1',
490 silly publish      'ansi-color': '0.2.1',
490 silly publish      wrench: '1.5.6',
490 silly publish      commander: '1.3.2',
490 silly publish      chokidar: '0.6.3',
490 silly publish      request: '2.33.0',
490 silly publish      logmimosa: '1.0.2',
490 silly publish      skelmimosa: '0.8.0',
490 silly publish      'mimosa-server': '1.3.0',
490 silly publish      'mimosa-minify-js': '1.1.0',
490 silly publish      'mimosa-minify-css': '1.1.0',
490 silly publish      'mimosa-jshint': '1.1.0',
490 silly publish      'mimosa-csslint': '1.1.0',
490 silly publish      'mimosa-live-reload': '1.1.0',
490 silly publish      'mimosa-require': '1.6.0',
490 silly publish      'mimosa-bower': '1.4.0',
490 silly publish      'mimosa-copy': '1.1.0' },
490 silly publish   license: 'MIT',
490 silly publish   engines: { node: '>=0.10' },
490 silly publish   scripts: { prepublish: 'node build.js' },
490 silly publish   readme: '[![Build Status](https://travis-ci.org/dbashford/mimosa.png?branch=master)](https://travis-ci.org/dbashford/mimosa)\n\n[Visit the Mimosa Website](http://www.mimosa.io) for all sorts of Mimosa documentation goodness.\n\n### Questions?\n\n* [Google Group](https://groups.google.com/forum/#!forum/mimosajs)\n* [Twitter @mimosajs](https://twitter.com/mimosajs/)\n\n## Quick Start\n\nThere are a ton of docs on [the site](http://www.mimosa.io) to get you started, but here\'s a quick start.\n\n* Install [node.js](http://nodejs.org/).  A `.10` version.\n* `npm install -g mimosa`\n* `mimosa new testproject`\n* Follow the prompts to choose some assets\n* `cd testproject`\n* `mimosa watch -s`\n* http://localhost:3000\n\nNow you are ready to rock!\n\nMaybe you want to start with something other than an empty app?  Maybe you want to start with a preconfigured Ember app for instance?\n\n`mimosa skel:list`\n\nThat will get you a list of the skeletons currently available for Mimosa that might help jumpstart your app.\n\n## License\n\n(The MIT License)\n\nCopyright (c) 2014 David Bashford\n\nPermission is hereby granted, free of charge, to any person obtaining\na copy of this software and associated documentation files (the\n\'Software\'), to deal in the Software without restriction, including\nwithout limitation the rights to use, copy, modify, merge, publish,\ndistribute, sublicense, and/or sell copies of the Software, and to\npermit persons to whom the Software is furnished to do so, subject to\nthe following conditions:\n\nThe above copyright notice and this permission notice shall be\nincluded in all copies or substantial portions of the Software.\n\nTHE SOFTWARE IS PROVIDED \'AS IS\', WITHOUT WARRANTY OF ANY KIND,\nEXPRESS OR IMPLIED, INCLUDING BUT NOT LIMITED TO THE WARRANTIES OF\nMERCHANTABILITY, FITNESS FOR A PARTICULAR PURPOSE AND NONINFRINGEMENT.\nIN NO EVENT SHALL THE AUTHORS OR COPYRIGHT HOLDERS BE LIABLE FOR ANY\nCLAIM, DAMAGES OR OTHER LIABILITY, WHETHER IN AN ACTION OF CONTRACT,\nTORT OR OTHERWISE, ARISING FROM, OUT OF OR IN CONNECTION WITH THE\nSOFTWARE OR THE USE OR OTHER DEALINGS IN THE SOFTWARE.\n',
490 silly publish   readmeFilename: 'README.md',
490 silly publish   bugs: { url: 'https://github.com/dbashford/mimosa/issues' },
490 silly publish   _id: 'mimosa@2.1.0',
490 silly publish   dist: { shasum: '36d5c250bf4b027c8a17a94918fdfb1497130b78' },
490 silly publish   _from: '.' }
491 verbose url raw mimosa
492 verbose url resolving [ 'https://registry.npmjs.org/', './mimosa' ]
493 verbose url resolved https://registry.npmjs.org/mimosa
494 info trying registry request attempt 1 at 07:28:30
495 http PUT https://registry.npmjs.org/mimosa
496 http 409 https://registry.npmjs.org/mimosa
497 verbose url raw mimosa
498 verbose url resolving [ 'https://registry.npmjs.org/', './mimosa' ]
499 verbose url resolved https://registry.npmjs.org/mimosa
500 info trying registry request attempt 1 at 07:28:30
501 http GET https://registry.npmjs.org/mimosa
502 http 200 https://registry.npmjs.org/mimosa
503 error publish fail Cannot publish over existing version.
503 error publish fail Update the 'version' field in package.json and try again.
503 error publish fail
503 error publish fail If the previous version was published in error, see:
503 error publish fail     npm help unpublish
503 error publish fail
503 error publish fail To automatically increment version numbers, see:
503 error publish fail     npm help version
504 error System Darwin 11.4.2
505 error command "node" "/Users/dbashford/.nvm/v0.10.12/bin/npm" "publish"
506 error cwd /Users/dbashford/mygithub/mimosa/mimosa
507 error node -v v0.10.12
508 error npm -v 1.3.9
509 error code EPUBLISHCONFLICT
510 verbose exit [ 1, true ]
